2022/03/10 20:03:43 [emerg] 1#1: duplicate location "/" in /etc/nginx/conf.d/default.conf:39
2022/03/10 20:03:45 [emerg] 1#1: duplicate location "/" in /etc/nginx/conf.d/default.conf:39
2022/03/10 20:03:46 [emerg] 1#1: duplicate location "/" in /etc/nginx/conf.d/default.conf:39
2022/03/10 20:03:48 [emerg] 1#1: duplicate location "/" in /etc/nginx/conf.d/default.conf:39
2022/03/10 20:03:50 [emerg] 1#1: duplicate location "/" in /etc/nginx/conf.d/default.conf:39
2022/03/10 20:03:53 [emerg] 1#1: duplicate location "/" in /etc/nginx/conf.d/default.conf:39
2022/03/10 20:03:57 [emerg] 1#1: duplicate location "/" in /etc/nginx/conf.d/default.conf:39
2022/03/10 20:04:05 [emerg] 1#1: duplicate location "/" in /etc/nginx/conf.d/default.conf:39
2022/03/10 20:04:28 [emerg] 1#1: duplicate location "/" in /etc/nginx/conf.d/default.conf:39
2022/03/10 20:04:29 [emerg] 1#1: duplicate location "/" in /etc/nginx/conf.d/default.conf:39
2022/03/10 20:04:31 [emerg] 1#1: duplicate location "/" in /etc/nginx/conf.d/default.conf:39
2022/03/10 20:04:33 [emerg] 1#1: duplicate location "/" in /etc/nginx/conf.d/default.conf:39
2022/03/10 20:04:35 [emerg] 1#1: duplicate location "/" in /etc/nginx/conf.d/default.conf:39
2022/03/10 20:04:37 [emerg] 1#1: duplicate location "/" in /etc/nginx/conf.d/default.conf:39
2022/03/10 20:04:42 [emerg] 1#1: duplicate location "/" in /etc/nginx/conf.d/default.conf:39
2022/03/10 20:04:49 [emerg] 1#1: duplicate location "/" in /etc/nginx/conf.d/default.conf:39
2022/03/10 20:05:03 [emerg] 1#1: duplicate location "/" in /etc/nginx/conf.d/default.conf:39
2022/03/10 20:05:30 [emerg] 1#1: duplicate location "/" in /etc/nginx/conf.d/default.conf:39
2022/03/10 20:06:22 [notice] 1#1: using the "epoll" event method
2022/03/10 20:06:22 [notice] 1#1: nginx/1.21.6
2022/03/10 20:06:22 [notice] 1#1: built by gcc 10.3.1 20211027 (Alpine 10.3.1_git20211027) 
2022/03/10 20:06:22 [notice] 1#1: OS: Linux 5.10.16.3-microsoft-standard-WSL2
2022/03/10 20:06:22 [notice] 1#1: getrlimit(RLIMIT_NOFILE): 1048576:1048576
2022/03/10 20:06:22 [notice] 1#1: start worker processes
2022/03/10 20:06:22 [notice] 1#1: start worker process 25
2022/03/10 20:06:22 [notice] 1#1: start worker process 26
2022/03/10 20:06:22 [notice] 1#1: start worker process 27
2022/03/10 20:06:22 [notice] 1#1: start worker process 28
2022/03/10 20:06:22 [notice] 1#1: start worker process 29
2022/03/10 20:06:22 [notice] 1#1: start worker process 30
2022/03/10 20:06:22 [notice] 1#1: start worker process 31
2022/03/10 20:06:22 [notice] 1#1: start worker process 32
2022/03/10 20:06:22 [notice] 1#1: start worker process 33
2022/03/10 20:06:22 [notice] 1#1: start worker process 34
2022/03/10 20:06:22 [notice] 1#1: start worker process 35
2022/03/10 20:06:22 [notice] 1#1: start worker process 36
2022/03/10 20:06:22 [notice] 1#1: start worker process 37
2022/03/10 20:06:22 [notice] 1#1: start worker process 38
2022/03/10 20:06:22 [notice] 1#1: start worker process 39
2022/03/10 20:06:22 [notice] 1#1: start worker process 40
2022/03/10 20:24:29 [emerg] 1#1: host not found in upstream "php01" in /etc/nginx/conf.d/default.conf:33
2022/03/10 20:24:31 [emerg] 1#1: host not found in upstream "php01" in /etc/nginx/conf.d/default.conf:33
2022/03/10 20:24:33 [emerg] 1#1: host not found in upstream "php01" in /etc/nginx/conf.d/default.conf:33
2022/03/10 20:24:35 [emerg] 1#1: host not found in upstream "php01" in /etc/nginx/conf.d/default.conf:33
2022/03/10 20:24:37 [emerg] 1#1: host not found in upstream "php01" in /etc/nginx/conf.d/default.conf:33
2022/03/10 20:24:40 [emerg] 1#1: host not found in upstream "php01" in /etc/nginx/conf.d/default.conf:33
2022/03/10 20:24:44 [emerg] 1#1: host not found in upstream "php01" in /etc/nginx/conf.d/default.conf:33
2022/03/10 20:24:52 [emerg] 1#1: host not found in upstream "php01" in /etc/nginx/conf.d/default.conf:33
2022/03/10 20:25:02 [emerg] 1#1: host not found in upstream "php01" in /etc/nginx/conf.d/default.conf:33
2022/03/10 20:25:05 [emerg] 1#1: host not found in upstream "php01" in /etc/nginx/conf.d/default.conf:33
2022/03/10 20:25:06 [emerg] 1#1: host not found in upstream "php01" in /etc/nginx/conf.d/default.conf:33
2022/03/10 20:25:08 [emerg] 1#1: host not found in upstream "php01" in /etc/nginx/conf.d/default.conf:33
2022/03/10 20:25:10 [emerg] 1#1: host not found in upstream "php01" in /etc/nginx/conf.d/default.conf:33
2022/03/10 20:25:13 [emerg] 1#1: host not found in upstream "php01" in /etc/nginx/conf.d/default.conf:33
2022/03/10 20:25:17 [emerg] 1#1: host not found in upstream "php01" in /etc/nginx/conf.d/default.conf:33
2022/03/10 20:25:25 [notice] 1#1: using the "epoll" event method
2022/03/10 20:25:25 [notice] 1#1: nginx/1.21.6
2022/03/10 20:25:25 [notice] 1#1: built by gcc 10.3.1 20211027 (Alpine 10.3.1_git20211027) 
2022/03/10 20:25:25 [notice] 1#1: OS: Linux 5.10.16.3-microsoft-standard-WSL2
2022/03/10 20:25:25 [notice] 1#1: getrlimit(RLIMIT_NOFILE): 1048576:1048576
2022/03/10 20:25:25 [notice] 1#1: start worker processes
2022/03/10 20:25:25 [notice] 1#1: start worker process 25
2022/03/10 20:25:25 [notice] 1#1: start worker process 26
2022/03/10 20:25:25 [notice] 1#1: start worker process 27
2022/03/10 20:25:25 [notice] 1#1: start worker process 28
2022/03/10 20:25:25 [notice] 1#1: start worker process 29
2022/03/10 20:25:25 [notice] 1#1: start worker process 30
2022/03/10 20:25:25 [notice] 1#1: start worker process 31
2022/03/10 20:25:25 [notice] 1#1: start worker process 32
2022/03/10 20:25:25 [notice] 1#1: start worker process 33
2022/03/10 20:25:25 [notice] 1#1: start worker process 34
2022/03/10 20:25:25 [notice] 1#1: start worker process 35
2022/03/10 20:25:25 [notice] 1#1: start worker process 36
2022/03/10 20:25:25 [notice] 1#1: start worker process 37
2022/03/10 20:25:25 [notice] 1#1: start worker process 38
2022/03/10 20:25:25 [notice] 1#1: start worker process 39
2022/03/10 20:25:25 [notice] 1#1: start worker process 40
2022/03/10 20:25:26 [notice] 1#1: signal 3 (SIGQUIT) received, shutting down
2022/03/10 20:25:26 [notice] 26#26: gracefully shutting down
2022/03/10 20:25:26 [notice] 26#26: exiting
2022/03/10 20:25:26 [notice] 27#27: gracefully shutting down
2022/03/10 20:25:26 [notice] 28#28: gracefully shutting down
2022/03/10 20:25:26 [notice] 25#25: gracefully shutting down
2022/03/10 20:25:26 [notice] 29#29: gracefully shutting down
2022/03/10 20:25:26 [notice] 30#30: gracefully shutting down
2022/03/10 20:25:26 [notice] 31#31: gracefully shutting down
2022/03/10 20:25:26 [notice] 32#32: gracefully shutting down
2022/03/10 20:25:26 [notice] 33#33: gracefully shutting down
2022/03/10 20:25:26 [notice] 34#34: gracefully shutting down
2022/03/10 20:25:26 [notice] 35#35: gracefully shutting down
2022/03/10 20:25:26 [notice] 36#36: gracefully shutting down
2022/03/10 20:25:26 [notice] 37#37: gracefully shutting down
2022/03/10 20:25:26 [notice] 38#38: gracefully shutting down
2022/03/10 20:25:26 [notice] 39#39: gracefully shutting down
2022/03/10 20:25:26 [notice] 40#40: gracefully shutting down
2022/03/10 20:25:26 [notice] 26#26: exit
2022/03/10 20:25:26 [notice] 27#27: exiting
2022/03/10 20:25:26 [notice] 28#28: exiting
2022/03/10 20:25:26 [notice] 25#25: exiting
2022/03/10 20:25:26 [notice] 29#29: exiting
2022/03/10 20:25:26 [notice] 30#30: exiting
2022/03/10 20:25:26 [notice] 31#31: exiting
2022/03/10 20:25:26 [notice] 32#32: exiting
2022/03/10 20:25:26 [notice] 31#31: exit
2022/03/10 20:25:26 [notice] 33#33: exiting
2022/03/10 20:25:26 [notice] 34#34: exiting
2022/03/10 20:25:26 [notice] 35#35: exiting
2022/03/10 20:25:26 [notice] 36#36: exiting
2022/03/10 20:25:26 [notice] 37#37: exiting
2022/03/10 20:25:26 [notice] 38#38: exiting
2022/03/10 20:25:26 [notice] 37#37: exit
2022/03/10 20:25:26 [notice] 39#39: exiting
2022/03/10 20:25:26 [notice] 40#40: exiting
2022/03/10 20:25:26 [notice] 27#27: exit
2022/03/10 20:25:26 [notice] 28#28: exit
2022/03/10 20:25:26 [notice] 25#25: exit
2022/03/10 20:25:26 [notice] 29#29: exit
2022/03/10 20:25:26 [notice] 30#30: exit
2022/03/10 20:25:26 [notice] 32#32: exit
2022/03/10 20:25:26 [notice] 33#33: exit
2022/03/10 20:25:26 [notice] 34#34: exit
2022/03/10 20:25:26 [notice] 35#35: exit
2022/03/10 20:25:26 [notice] 36#36: exit
2022/03/10 20:25:26 [notice] 38#38: exit
2022/03/10 20:25:26 [notice] 39#39: exit
2022/03/10 20:25:26 [notice] 40#40: exit
2022/03/10 20:25:26 [notice] 1#1: signal 17 (SIGCHLD) received from 32
2022/03/10 20:25:26 [notice] 1#1: worker process 27 exited with code 0
2022/03/10 20:25:26 [notice] 1#1: worker process 32 exited with code 0
2022/03/10 20:25:26 [notice] 1#1: worker process 35 exited with code 0
2022/03/10 20:25:26 [notice] 1#1: worker process 39 exited with code 0
2022/03/10 20:25:26 [notice] 1#1: worker process 40 exited with code 0
2022/03/10 20:25:26 [notice] 1#1: signal 29 (SIGIO) received
2022/03/10 20:25:26 [notice] 1#1: signal 17 (SIGCHLD) received from 27
2022/03/10 20:25:26 [notice] 1#1: signal 17 (SIGCHLD) received from 28
2022/03/10 20:25:26 [notice] 1#1: worker process 25 exited with code 0
2022/03/10 20:25:26 [notice] 1#1: worker process 28 exited with code 0
2022/03/10 20:25:26 [notice] 1#1: worker process 29 exited with code 0
2022/03/10 20:25:26 [notice] 1#1: worker process 33 exited with code 0
2022/03/10 20:25:26 [notice] 1#1: worker process 34 exited with code 0
2022/03/10 20:25:26 [notice] 1#1: worker process 38 exited with code 0
2022/03/10 20:25:26 [notice] 1#1: signal 29 (SIGIO) received
2022/03/10 20:25:26 [notice] 1#1: signal 17 (SIGCHLD) received from 33
2022/03/10 20:25:26 [notice] 1#1: signal 17 (SIGCHLD) received from 30
2022/03/10 20:25:26 [notice] 1#1: worker process 30 exited with code 0
2022/03/10 20:25:26 [notice] 1#1: worker process 36 exited with code 0
2022/03/10 20:25:26 [notice] 1#1: signal 29 (SIGIO) received
2022/03/10 20:25:26 [notice] 1#1: signal 17 (SIGCHLD) received from 31
2022/03/10 20:25:26 [notice] 1#1: worker process 26 exited with code 0
2022/03/10 20:25:26 [notice] 1#1: worker process 31 exited with code 0
2022/03/10 20:25:26 [notice] 1#1: worker process 37 exited with code 0
2022/03/10 20:25:26 [notice] 1#1: exit
2022/03/10 20:25:27 [notice] 1#1: using the "epoll" event method
2022/03/10 20:25:27 [notice] 1#1: nginx/1.21.6
2022/03/10 20:25:27 [notice] 1#1: built by gcc 10.3.1 20211027 (Alpine 10.3.1_git20211027) 
2022/03/10 20:25:27 [notice] 1#1: OS: Linux 5.10.16.3-microsoft-standard-WSL2
2022/03/10 20:25:27 [notice] 1#1: getrlimit(RLIMIT_NOFILE): 1048576:1048576
2022/03/10 20:25:27 [notice] 1#1: start worker processes
2022/03/10 20:25:27 [notice] 1#1: start worker process 25
2022/03/10 20:25:27 [notice] 1#1: start worker process 26
2022/03/10 20:25:27 [notice] 1#1: start worker process 27
2022/03/10 20:25:27 [notice] 1#1: start worker process 28
2022/03/10 20:25:27 [notice] 1#1: start worker process 29
2022/03/10 20:25:27 [notice] 1#1: start worker process 30
2022/03/10 20:25:27 [notice] 1#1: start worker process 31
2022/03/10 20:25:27 [notice] 1#1: start worker process 32
2022/03/10 20:25:27 [notice] 1#1: start worker process 33
2022/03/10 20:25:27 [notice] 1#1: start worker process 34
2022/03/10 20:25:27 [notice] 1#1: start worker process 35
2022/03/10 20:25:27 [notice] 1#1: start worker process 36
2022/03/10 20:25:27 [notice] 1#1: start worker process 37
2022/03/10 20:25:27 [notice] 1#1: start worker process 38
2022/03/10 20:25:27 [notice] 1#1: start worker process 39
2022/03/10 20:25:27 [notice] 1#1: start worker process 40
